<?xml version="1.0" encoding="UTF-8"?>
<!-- Generated by org.testng.reporters.JUnitReportReporter -->
<testsuite hostname="Sumits-Air" failures="0" tests="1" name="sumitYTFramwork.TC3" time="20.449" errors="0" timestamp="25 May 2019 19:47:47 GMT" skipped="0">
  <testcase classname="sumitYTFramwork.TC3" name="playVideoTest" time="20.449"/>
</testsuite> <!-- sumitYTFramwork.TC3 -->
