<?xml version="1.0" encoding="UTF-8"?>
<!-- Generated by org.testng.reporters.JUnitReportReporter -->
<testsuite hostname="Sumits-Air" failures="0" tests="1" name="sumitYTFramwork.TC1" time="18.456" errors="0" timestamp="25 May 2019 19:02:37 GMT" skipped="0">
  <testcase classname="sumitYTFramwork.TC1" name="singinTrending" time="18.456"/>
</testsuite> <!-- sumitYTFramwork.TC1 -->
