<?xml version="1.0" encoding="UTF-8"?>
<!-- Generated by org.testng.reporters.JUnitReportReporter -->
<testsuite hostname="Sumits-Air" failures="0" tests="1" name="sumitYTFramwork.TC4" time="16.585" errors="0" timestamp="29 May 2019 19:55:42 GMT" skipped="0">
  <testcase classname="sumitYTFramwork.TC4" name="channelSubscribtion" time="16.585"/>
</testsuite> <!-- sumitYTFramwork.TC4 -->
