<?xml version="1.0" encoding="UTF-8"?>
<!-- Generated by org.testng.reporters.JUnitReportReporter -->
<testsuite hostname="Sumits-Air" failures="0" tests="1" name="sumitYTFramwork.TC4" time="21.664" errors="0" timestamp="20 May 2019 17:46:43 GMT" skipped="0">
  <testcase classname="sumitYTFramwork.TC4" name="channelSubscribtion" time="21.664"/>
</testsuite> <!-- sumitYTFramwork.TC4 -->
