<?xml version="1.0" encoding="UTF-8"?>
<!-- Generated by org.testng.reporters.JUnitReportReporter -->
<testsuite hostname="Sumits-Air" failures="0" tests="1" name="sumitYTFramwork.TC3" time="23.392" errors="0" timestamp="20 May 2019 17:46:43 GMT" skipped="0">
  <testcase classname="sumitYTFramwork.TC3" name="playVideoTest" time="23.392"/>
</testsuite> <!-- sumitYTFramwork.TC3 -->
