<?xml version="1.0" encoding="UTF-8"?>
<!-- Generated by org.testng.reporters.JUnitReportReporter -->
<testsuite hostname="Sumits-Air" failures="0" tests="1" name="sumitYTFramwork.TC2" time="17.729" errors="0" timestamp="29 May 2019 19:31:37 GMT" skipped="0">
  <testcase classname="sumitYTFramwork.TC2" name="clickSubscribeButtonaftersignin" time="17.729"/>
</testsuite> <!-- sumitYTFramwork.TC2 -->
