<?xml version="1.0" encoding="UTF-8"?>
<!-- Generated by org.testng.reporters.JUnitReportReporter -->
<testsuite hostname="Sumits-Air.Dlink" failures="0" tests="1" name="sumitYTFramwork.TC4" time="0.000" errors="0" timestamp="21 May 2019 09:52:31 GMT" skipped="1">
  <testcase classname="sumitYTFramwork.TC4" name="channelSubscribtion" time="0.000">
    <skipped/>
  </testcase> <!-- channelSubscribtion -->
</testsuite> <!-- sumitYTFramwork.TC4 -->
