<?xml version="1.0" encoding="UTF-8"?>
<!-- Generated by org.testng.reporters.JUnitReportReporter -->
<testsuite hostname="Sumits-Air" failures="0" tests="1" name="sumitYTFramwork.TC1" time="24.342" errors="0" timestamp="07 Jun 2019 17:49:27 GMT" skipped="0">
  <testcase classname="sumitYTFramwork.TC1" name="singinTrending" time="24.342"/>
</testsuite> <!-- sumitYTFramwork.TC1 -->
