<?xml version="1.0" encoding="UTF-8"?>
<!-- Generated by org.testng.reporters.JUnitReportReporter -->
<testsuite hostname="Sumits-Air" failures="0" tests="1" name="sumitYTFramwork.TC4" time="28.278" errors="0" timestamp="07 Jun 2019 16:44:23 GMT" skipped="0">
  <testcase classname="sumitYTFramwork.TC4" name="channelSubscribtion" time="28.278"/>
</testsuite> <!-- sumitYTFramwork.TC4 -->
