<?xml version="1.0" encoding="UTF-8"?>
<!-- Generated by org.testng.reporters.JUnitReportReporter -->
<testsuite hostname="Sumits-Air" failures="0" tests="1" name="sumitYTFramwork.TC3" time="21.801" errors="0" timestamp="29 May 2019 19:53:00 GMT" skipped="0">
  <testcase classname="sumitYTFramwork.TC3" name="likeVideo" time="21.801"/>
</testsuite> <!-- sumitYTFramwork.TC3 -->
