<?xml version="1.0" encoding="UTF-8"?>
<!-- Generated by org.testng.reporters.JUnitReportReporter -->
<testsuite hostname="Sumits-Air" failures="0" tests="1" name="sumitYTFramwork.TC1" time="17.413" errors="0" timestamp="29 May 2019 19:17:57 GMT" skipped="0">
  <testcase classname="sumitYTFramwork.TC1" name="singinTrending" time="17.413"/>
</testsuite> <!-- sumitYTFramwork.TC1 -->
