<?xml version="1.0" encoding="UTF-8"?>
<!-- Generated by org.testng.reporters.JUnitReportReporter -->
<testsuite hostname="Sumits-Air.Dlink" failures="0" tests="1" name="sumitYTFramwork.TC4" time="18.771" errors="0" timestamp="17 May 2019 13:54:15 GMT" skipped="0">
  <testcase classname="sumitYTFramwork.TC4" name="channelSubscribtion" time="18.771"/>
</testsuite> <!-- sumitYTFramwork.TC4 -->
