<?xml version="1.0" encoding="UTF-8"?>
<!-- Generated by org.testng.reporters.JUnitReportReporter -->
<testsuite hostname="Sumits-Air" failures="0" tests="1" name="sumitYTFramwork.TC1" time="18.412" errors="0" timestamp="20 May 2019 17:46:43 GMT" skipped="0">
  <testcase classname="sumitYTFramwork.TC1" name="singIn" time="18.412"/>
</testsuite> <!-- sumitYTFramwork.TC1 -->
