<?xml version="1.0" encoding="UTF-8"?>
<!-- Generated by org.testng.reporters.JUnitReportReporter -->
<testsuite hostname="Sumits-Air" failures="0" tests="1" name="sumitYTFramwork.TC2" time="23.955" errors="0" timestamp="07 Jun 2019 16:39:04 GMT" skipped="0">
  <testcase classname="sumitYTFramwork.TC2" name="clickSubscribeButtonaftersignin" time="23.955"/>
</testsuite> <!-- sumitYTFramwork.TC2 -->
