<?xml version="1.0" encoding="UTF-8"?>
<!-- Generated by org.testng.reporters.JUnitReportReporter -->
<testsuite hostname="Sumits-Air" failures="0" tests="1" name="sumitYTFramwork.TC3" time="27.909" errors="0" timestamp="07 Jun 2019 16:40:00 GMT" skipped="0">
  <testcase classname="sumitYTFramwork.TC3" name="likeVideo" time="27.909"/>
</testsuite> <!-- sumitYTFramwork.TC3 -->
