<?xml version="1.0" encoding="UTF-8"?>
<!-- Generated by org.testng.reporters.JUnitReportReporter -->
<testsuite hostname="Sumits-Air" failures="0" tests="1" name="sumitYTFramwork.TC1" time="21.701" errors="0" timestamp="06 Oct 2019 03:18:08 GMT" skipped="0">
  <testcase classname="sumitYTFramwork.TC1" name="singinTrending" time="21.701"/>
</testsuite> <!-- sumitYTFramwork.TC1 -->
