<?xml version="1.0" encoding="UTF-8"?>
<!-- Generated by org.testng.reporters.JUnitReportReporter -->
<testsuite hostname="Sumits-Air" failures="0" tests="1" name="sumitYTFramwork.TC2" time="65.154" errors="0" timestamp="09 Jun 2019 05:03:25 GMT" skipped="0">
  <testcase classname="sumitYTFramwork.TC2" name="clickSubscribeButtonaftersignin" time="65.154"/>
</testsuite> <!-- sumitYTFramwork.TC2 -->
